Arduino: 1.8.13 (Windows Store 1.8.42.0) (Windows 10), Board: "Arduino Uno"





















C:\Program Files\WindowsApps\ArduinoLLC.ArduinoIDE_1.8.42.0_x86__mdqgnx93n4wtt\arduino-builder -dump-prefs -logger=machine -hardware C:\Program Files\WindowsApps\ArduinoLLC.ArduinoIDE_1.8.42.0_x86__mdqgnx93n4wtt\hardware -tools C:\Program Files\WindowsApps\ArduinoLLC.ArduinoIDE_1.8.42.0_x86__mdqgnx93n4wtt\tools-builder -tools C:\Program Files\WindowsApps\ArduinoLLC.ArduinoIDE_1.8.42.0_x86__mdqgnx93n4wtt\hardware\tools\avr -built-in-libraries C:\Program Files\WindowsApps\ArduinoLLC.ArduinoIDE_1.8.42.0_x86__mdqgnx93n4wtt\libraries -libraries C:\Users\carey\Documents\Arduino\libraries -fqbn=arduino:avr:uno -ide-version=10813 -build-path C:\Users\carey\AppData\Local\Temp\arduino_build_550213 -warnings=none -build-cache C:\Users\carey\AppData\Local\Temp\arduino_cache_127374 -prefs=build.warn_data_percentage=75 -prefs=runtime.tools.arduinoOTA.path=C:\Program Files\WindowsApps\ArduinoLLC.ArduinoIDE_1.8.42.0_x86__mdqgnx93n4wtt\hardware\tools\avr -prefs=runtime.tools.arduinoOTA-1.3.0.path=C:\Program Files\WindowsApps\ArduinoLLC.ArduinoIDE_1.8.42.0_x86__mdqgnx93n4wtt\hardware\tools\avr -prefs=runtime.tools.avrdude.path=C:\Program Files\WindowsApps\ArduinoLLC.ArduinoIDE_1.8.42.0_x86__mdqgnx93n4wtt\hardware\tools\avr -prefs=runtime.tools.avrdude-6.3.0-arduino17.path=C:\Program Files\WindowsApps\ArduinoLLC.ArduinoIDE_1.8.42.0_x86__mdqgnx93n4wtt\hardware\tools\avr -prefs=runtime.tools.avr-gcc.path=C:\Program Files\WindowsApps\ArduinoLLC.ArduinoIDE_1.8.42.0_x86__mdqgnx93n4wtt\hardware\tools\avr -prefs=runtime.tools.avr-gcc-7.3.0-atmel3.6.1-arduino7.path=C:\Program Files\WindowsApps\ArduinoLLC.ArduinoIDE_1.8.42.0_x86__mdqgnx93n4wtt\hardware\tools\avr -verbose C:\Users\carey\Documents\SouthSalt\RakeControllerArduino\RakeController\RakeController.ino

C:\Program Files\WindowsApps\ArduinoLLC.ArduinoIDE_1.8.42.0_x86__mdqgnx93n4wtt\arduino-builder -compile -logger=machine -hardware C:\Program Files\WindowsApps\ArduinoLLC.ArduinoIDE_1.8.42.0_x86__mdqgnx93n4wtt\hardware -tools C:\Program Files\WindowsApps\ArduinoLLC.ArduinoIDE_1.8.42.0_x86__mdqgnx93n4wtt\tools-builder -tools C:\Program Files\WindowsApps\ArduinoLLC.ArduinoIDE_1.8.42.0_x86__mdqgnx93n4wtt\hardware\tools\avr -built-in-libraries C:\Program Files\WindowsApps\ArduinoLLC.ArduinoIDE_1.8.42.0_x86__mdqgnx93n4wtt\libraries -libraries C:\Users\carey\Documents\Arduino\libraries -fqbn=arduino:avr:uno -ide-version=10813 -build-path C:\Users\carey\AppData\Local\Temp\arduino_build_550213 -warnings=none -build-cache C:\Users\carey\AppData\Local\Temp\arduino_cache_127374 -prefs=build.warn_data_percentage=75 -prefs=runtime.tools.arduinoOTA.path=C:\Program Files\WindowsApps\ArduinoLLC.ArduinoIDE_1.8.42.0_x86__mdqgnx93n4wtt\hardware\tools\avr -prefs=runtime.tools.arduinoOTA-1.3.0.path=C:\Program Files\WindowsApps\ArduinoLLC.ArduinoIDE_1.8.42.0_x86__mdqgnx93n4wtt\hardware\tools\avr -prefs=runtime.tools.avrdude.path=C:\Program Files\WindowsApps\ArduinoLLC.ArduinoIDE_1.8.42.0_x86__mdqgnx93n4wtt\hardware\tools\avr -prefs=runtime.tools.avrdude-6.3.0-arduino17.path=C:\Program Files\WindowsApps\ArduinoLLC.ArduinoIDE_1.8.42.0_x86__mdqgnx93n4wtt\hardware\tools\avr -prefs=runtime.tools.avr-gcc.path=C:\Program Files\WindowsApps\ArduinoLLC.ArduinoIDE_1.8.42.0_x86__mdqgnx93n4wtt\hardware\tools\avr -prefs=runtime.tools.avr-gcc-7.3.0-atmel3.6.1-arduino7.path=C:\Program Files\WindowsApps\ArduinoLLC.ArduinoIDE_1.8.42.0_x86__mdqgnx93n4wtt\hardware\tools\avr -verbose C:\Users\carey\Documents\SouthSalt\RakeControllerArduino\RakeController\RakeController.ino

Using board 'uno' from platform in folder: C:\Program Files\WindowsApps\ArduinoLLC.ArduinoIDE_1.8.42.0_x86__mdqgnx93n4wtt\hardware\arduino\avr

Using core 'arduino' from platform in folder: C:\Program Files\WindowsApps\ArduinoLLC.ArduinoIDE_1.8.42.0_x86__mdqgnx93n4wtt\hardware\arduino\avr

Detecting libraries used...

"C:\\Program Files\\WindowsApps\\ArduinoLLC.ArduinoIDE_1.8.42.0_x86__mdqgnx93n4wtt\\hardware\\tools\\avr/bin/avr-g++" -c -g -Os -w -std=gnu++11 -fpermissive -fno-exceptions -ffunction-sections -fdata-sections -fno-threadsafe-statics -Wno-error=narrowing -flto -w -x c++ -E -CC -mmcu=atmega328p -DF_CPU=16000000L -DARDUINO=10813 -DARDUINO_AVR_UNO -DARDUINO_ARCH_AVR "-IC:\\Program Files\\WindowsApps\\ArduinoLLC.ArduinoIDE_1.8.42.0_x86__mdqgnx93n4wtt\\hardware\\arduino\\avr\\cores\\arduino" "-IC:\\Program Files\\WindowsApps\\ArduinoLLC.ArduinoIDE_1.8.42.0_x86__mdqgnx93n4wtt\\hardware\\arduino\\avr\\variants\\standard" "C:\\Users\\carey\\AppData\\Local\\Temp\\arduino_build_550213\\sketch\\RakeController.ino.cpp" -o nul -DARDUINO_LIB_DISCOVERY_PHASE

Alternatives for ArduinoJson.h: [ArduinoJson@6.12.0]

ResolveLibrary(ArduinoJson.h)

  -> candidates: [ArduinoJson@6.12.0]

"C:\\Program Files\\WindowsApps\\ArduinoLLC.ArduinoIDE_1.8.42.0_x86__mdqgnx93n4wtt\\hardware\\tools\\avr/bin/avr-g++" -c -g -Os -w -std=gnu++11 -fpermissive -fno-exceptions -ffunction-sections -fdata-sections -fno-threadsafe-statics -Wno-error=narrowing -flto -w -x c++ -E -CC -mmcu=atmega328p -DF_CPU=16000000L -DARDUINO=10813 -DARDUINO_AVR_UNO -DARDUINO_ARCH_AVR "-IC:\\Program Files\\WindowsApps\\ArduinoLLC.ArduinoIDE_1.8.42.0_x86__mdqgnx93n4wtt\\hardware\\arduino\\avr\\cores\\arduino" "-IC:\\Program Files\\WindowsApps\\ArduinoLLC.ArduinoIDE_1.8.42.0_x86__mdqgnx93n4wtt\\hardware\\arduino\\avr\\variants\\standard" "-IC:\\Users\\carey\\Documents\\Arduino\\libraries\\ArduinoJson\\src" "C:\\Users\\carey\\AppData\\Local\\Temp\\arduino_build_550213\\sketch\\RakeController.ino.cpp" -o nul -DARDUINO_LIB_DISCOVERY_PHASE

Alternatives for SoftwareSerial.h: [SoftwareSerial@1.0]

ResolveLibrary(SoftwareSerial.h)

  -> candidates: [SoftwareSerial@1.0]

"C:\\Program Files\\WindowsApps\\ArduinoLLC.ArduinoIDE_1.8.42.0_x86__mdqgnx93n4wtt\\hardware\\tools\\avr/bin/avr-g++" -c -g -Os -w -std=gnu++11 -fpermissive -fno-exceptions -ffunction-sections -fdata-sections -fno-threadsafe-statics -Wno-error=narrowing -flto -w -x c++ -E -CC -mmcu=atmega328p -DF_CPU=16000000L -DARDUINO=10813 -DARDUINO_AVR_UNO -DARDUINO_ARCH_AVR "-IC:\\Program Files\\WindowsApps\\ArduinoLLC.ArduinoIDE_1.8.42.0_x86__mdqgnx93n4wtt\\hardware\\arduino\\avr\\cores\\arduino" "-IC:\\Program Files\\WindowsApps\\ArduinoLLC.ArduinoIDE_1.8.42.0_x86__mdqgnx93n4wtt\\hardware\\arduino\\avr\\variants\\standard" "-IC:\\Users\\carey\\Documents\\Arduino\\libraries\\ArduinoJson\\src" "-IC:\\Program Files\\WindowsApps\\ArduinoLLC.ArduinoIDE_1.8.42.0_x86__mdqgnx93n4wtt\\hardware\\arduino\\avr\\libraries\\SoftwareSerial\\src" "C:\\Users\\carey\\AppData\\Local\\Temp\\arduino_build_550213\\sketch\\RakeController.ino.cpp" -o nul -DARDUINO_LIB_DISCOVERY_PHASE

Using cached library dependencies for file: C:\Users\carey\AppData\Local\Temp\arduino_build_550213\sketch\BtnProc.cpp

Using cached library dependencies for file: C:\Users\carey\AppData\Local\Temp\arduino_build_550213\sketch\CmdProc.cpp

"C:\\Program Files\\WindowsApps\\ArduinoLLC.ArduinoIDE_1.8.42.0_x86__mdqgnx93n4wtt\\hardware\\tools\\avr/bin/avr-g++" -c -g -Os -w -std=gnu++11 -fpermissive -fno-exceptions -ffunction-sections -fdata-sections -fno-threadsafe-statics -Wno-error=narrowing -flto -w -x c++ -E -CC -mmcu=atmega328p -DF_CPU=16000000L -DARDUINO=10813 -DARDUINO_AVR_UNO -DARDUINO_ARCH_AVR "-IC:\\Program Files\\WindowsApps\\ArduinoLLC.ArduinoIDE_1.8.42.0_x86__mdqgnx93n4wtt\\hardware\\arduino\\avr\\cores\\arduino" "-IC:\\Program Files\\WindowsApps\\ArduinoLLC.ArduinoIDE_1.8.42.0_x86__mdqgnx93n4wtt\\hardware\\arduino\\avr\\variants\\standard" "-IC:\\Users\\carey\\Documents\\Arduino\\libraries\\ArduinoJson\\src" "-IC:\\Program Files\\WindowsApps\\ArduinoLLC.ArduinoIDE_1.8.42.0_x86__mdqgnx93n4wtt\\hardware\\arduino\\avr\\libraries\\SoftwareSerial\\src" "C:\\Users\\carey\\AppData\\Local\\Temp\\arduino_build_550213\\sketch\\MotorController.cpp" -o nul -DARDUINO_LIB_DISCOVERY_PHASE

"C:\\Program Files\\WindowsApps\\ArduinoLLC.ArduinoIDE_1.8.42.0_x86__mdqgnx93n4wtt\\hardware\\tools\\avr/bin/avr-g++" -c -g -Os -w -std=gnu++11 -fpermissive -fno-exceptions -ffunction-sections -fdata-sections -fno-threadsafe-statics -Wno-error=narrowing -flto -w -x c++ -E -CC -mmcu=atmega328p -DF_CPU=16000000L -DARDUINO=10813 -DARDUINO_AVR_UNO -DARDUINO_ARCH_AVR "-IC:\\Program Files\\WindowsApps\\ArduinoLLC.ArduinoIDE_1.8.42.0_x86__mdqgnx93n4wtt\\hardware\\arduino\\avr\\cores\\arduino" "-IC:\\Program Files\\WindowsApps\\ArduinoLLC.ArduinoIDE_1.8.42.0_x86__mdqgnx93n4wtt\\hardware\\arduino\\avr\\variants\\standard" "-IC:\\Users\\carey\\Documents\\Arduino\\libraries\\ArduinoJson\\src" "-IC:\\Program Files\\WindowsApps\\ArduinoLLC.ArduinoIDE_1.8.42.0_x86__mdqgnx93n4wtt\\hardware\\arduino\\avr\\libraries\\SoftwareSerial\\src" "C:\\Program Files\\WindowsApps\\ArduinoLLC.ArduinoIDE_1.8.42.0_x86__mdqgnx93n4wtt\\hardware\\arduino\\avr\\libraries\\SoftwareSerial\\src\\SoftwareSerial.cpp" -o nul -DARDUINO_LIB_DISCOVERY_PHASE

Generating function prototypes...

"C:\\Program Files\\WindowsApps\\ArduinoLLC.ArduinoIDE_1.8.42.0_x86__mdqgnx93n4wtt\\hardware\\tools\\avr/bin/avr-g++" -c -g -Os -w -std=gnu++11 -fpermissive -fno-exceptions -ffunction-sections -fdata-sections -fno-threadsafe-statics -Wno-error=narrowing -flto -w -x c++ -E -CC -mmcu=atmega328p -DF_CPU=16000000L -DARDUINO=10813 -DARDUINO_AVR_UNO -DARDUINO_ARCH_AVR "-IC:\\Program Files\\WindowsApps\\ArduinoLLC.ArduinoIDE_1.8.42.0_x86__mdqgnx93n4wtt\\hardware\\arduino\\avr\\cores\\arduino" "-IC:\\Program Files\\WindowsApps\\ArduinoLLC.ArduinoIDE_1.8.42.0_x86__mdqgnx93n4wtt\\hardware\\arduino\\avr\\variants\\standard" "-IC:\\Users\\carey\\Documents\\Arduino\\libraries\\ArduinoJson\\src" "-IC:\\Program Files\\WindowsApps\\ArduinoLLC.ArduinoIDE_1.8.42.0_x86__mdqgnx93n4wtt\\hardware\\arduino\\avr\\libraries\\SoftwareSerial\\src" "C:\\Users\\carey\\AppData\\Local\\Temp\\arduino_build_550213\\sketch\\RakeController.ino.cpp" -o "C:\\Users\\carey\\AppData\\Local\\Temp\\arduino_build_550213\\preproc\\ctags_target_for_gcc_minus_e.cpp" -DARDUINO_LIB_DISCOVERY_PHASE

"C:\\Program Files\\WindowsApps\\ArduinoLLC.ArduinoIDE_1.8.42.0_x86__mdqgnx93n4wtt\\tools-builder\\ctags\\5.8-arduino11/ctags" -u --language-force=c++ -f - --c++-kinds=svpf --fields=KSTtzns --line-directives "C:\\Users\\carey\\AppData\\Local\\Temp\\arduino_build_550213\\preproc\\ctags_target_for_gcc_minus_e.cpp"

Compiling sketch...

"C:\\Program Files\\WindowsApps\\ArduinoLLC.ArduinoIDE_1.8.42.0_x86__mdqgnx93n4wtt\\hardware\\tools\\avr/bin/avr-g++" -c -g -Os -w -std=gnu++11 -fpermissive -fno-exceptions -ffunction-sections -fdata-sections -fno-threadsafe-statics -Wno-error=narrowing -MMD -flto -mmcu=atmega328p -DF_CPU=16000000L -DARDUINO=10813 -DARDUINO_AVR_UNO -DARDUINO_ARCH_AVR "-IC:\\Program Files\\WindowsApps\\ArduinoLLC.ArduinoIDE_1.8.42.0_x86__mdqgnx93n4wtt\\hardware\\arduino\\avr\\cores\\arduino" "-IC:\\Program Files\\WindowsApps\\ArduinoLLC.ArduinoIDE_1.8.42.0_x86__mdqgnx93n4wtt\\hardware\\arduino\\avr\\variants\\standard" "-IC:\\Users\\carey\\Documents\\Arduino\\libraries\\ArduinoJson\\src" "-IC:\\Program Files\\WindowsApps\\ArduinoLLC.ArduinoIDE_1.8.42.0_x86__mdqgnx93n4wtt\\hardware\\arduino\\avr\\libraries\\SoftwareSerial\\src" "C:\\Users\\carey\\AppData\\Local\\Temp\\arduino_build_550213\\sketch\\RakeController.ino.cpp" -o "C:\\Users\\carey\\AppData\\Local\\Temp\\arduino_build_550213\\sketch\\RakeController.ino.cpp.o"

"C:\\Program Files\\WindowsApps\\ArduinoLLC.ArduinoIDE_1.8.42.0_x86__mdqgnx93n4wtt\\hardware\\tools\\avr/bin/avr-g++" -c -g -Os -w -std=gnu++11 -fpermissive -fno-exceptions -ffunction-sections -fdata-sections -fno-threadsafe-statics -Wno-error=narrowing -MMD -flto -mmcu=atmega328p -DF_CPU=16000000L -DARDUINO=10813 -DARDUINO_AVR_UNO -DARDUINO_ARCH_AVR "-IC:\\Program Files\\WindowsApps\\ArduinoLLC.ArduinoIDE_1.8.42.0_x86__mdqgnx93n4wtt\\hardware\\arduino\\avr\\cores\\arduino" "-IC:\\Program Files\\WindowsApps\\ArduinoLLC.ArduinoIDE_1.8.42.0_x86__mdqgnx93n4wtt\\hardware\\arduino\\avr\\variants\\standard" "-IC:\\Users\\carey\\Documents\\Arduino\\libraries\\ArduinoJson\\src" "-IC:\\Program Files\\WindowsApps\\ArduinoLLC.ArduinoIDE_1.8.42.0_x86__mdqgnx93n4wtt\\hardware\\arduino\\avr\\libraries\\SoftwareSerial\\src" "C:\\Users\\carey\\AppData\\Local\\Temp\\arduino_build_550213\\sketch\\MotorController.cpp" -o "C:\\Users\\carey\\AppData\\Local\\Temp\\arduino_build_550213\\sketch\\MotorController.cpp.o"

Using previously compiled file: C:\Users\carey\AppData\Local\Temp\arduino_build_550213\sketch\BtnProc.cpp.o

Using previously compiled file: C:\Users\carey\AppData\Local\Temp\arduino_build_550213\sketch\CmdProc.cpp.o

RakeController:14:76: error: no matching function for call to 'MotorController::MotorController(OutPinArray*, BtnSet (*)[1], CmdProc*, rakePrg (*)[2])'

 MotorController controller = MotorController(&drvPins, &btnSet, &cP, &prgms);

                                                                            ^

In file included from C:\Users\carey\Documents\SouthSalt\RakeControllerArduino\RakeController\RakeController.ino:1:0:

C:\Users\carey\AppData\Local\Temp\arduino_build_550213\sketch\MotorController.h:116:5: note: candidate: MotorController::MotorController(OutPinArray*, BtnSet*, CmdProc*, rakePrg*)

     MotorController(OutPinArray *drvPins, BtnSet *btnSet, CmdProc *cP, rakePrg *prgms);

     ^~~~~~~~~~~~~~~

C:\Users\carey\AppData\Local\Temp\arduino_build_550213\sketch\MotorController.h:116:5: note:   no known conversion for argument 2 from 'BtnSet (*)[1]' to 'BtnSet*'

C:\Users\carey\AppData\Local\Temp\arduino_build_550213\sketch\MotorController.h:20:7: note: candidate: constexpr MotorController::MotorController(const MotorController&)

 class MotorController

       ^~~~~~~~~~~~~~~

C:\Users\carey\AppData\Local\Temp\arduino_build_550213\sketch\MotorController.h:20:7: note:   candidate expects 1 argument, 4 provided

C:\Users\carey\AppData\Local\Temp\arduino_build_550213\sketch\MotorController.h:20:7: note: candidate: constexpr MotorController::MotorController(MotorController&&)

C:\Users\carey\AppData\Local\Temp\arduino_build_550213\sketch\MotorController.h:20:7: note:   candidate expects 1 argument, 4 provided

C:\Users\carey\AppData\Local\Temp\arduino_build_550213\sketch\MotorController.cpp: In member function 'void MotorController::interruptUpdate(int)':

MotorController.cpp:67:7: error: 'motorStopped' was not declared in this scope

   if (motorStopped)

       ^~~~~~~~~~~~

C:\Users\carey\AppData\Local\Temp\arduino_build_550213\sketch\MotorController.cpp:67:7: note: suggested alternative: 'mtrStpd'

   if (motorStopped)

       ^~~~~~~~~~~~

       mtrStpd

C:\Users\carey\AppData\Local\Temp\arduino_build_550213\sketch\MotorController.cpp: In member function 'void MotorController::setMotorState(bool)':

MotorController.cpp:96:16: error: 'dirPos' was not declared in this scope

   digitalWrite(dirPos, cStateData[cState].mDir);

                ^~~~~~

C:\Users\carey\AppData\Local\Temp\arduino_build_550213\sketch\MotorController.cpp:96:16: note: suggested alternative: 'micros'

   digitalWrite(dirPos, cStateData[cState].mDir);

                ^~~~~~

                micros

MotorController.cpp:97:16: error: 'gateLift' was not declared in this scope

   digitalWrite(gateLift, cStateData[cState].gate);

                ^~~~~~~~

C:\Users\carey\AppData\Local\Temp\arduino_build_550213\sketch\MotorController.cpp:97:16: note: suggested alternative: 'atexit'

   digitalWrite(gateLift, cStateData[cState].gate);

                ^~~~~~~~

                atexit

MotorController.cpp:98:16: error: 'gateDrop' was not declared in this scope

   digitalWrite(gateDrop, !cStateData[cState].gate);

                ^~~~~~~~

C:\Users\carey\AppData\Local\Temp\arduino_build_550213\sketch\MotorController.cpp: In member function 'void MotorController::stopMotor()':

MotorController.cpp:111:3: error: 'motorStopped' was not declared in this scope

   motorStopped = true;

   ^~~~~~~~~~~~

C:\Users\carey\AppData\Local\Temp\arduino_build_550213\sketch\MotorController.cpp:111:3: note: suggested alternative: 'mtrStpd'

   motorStopped = true;

   ^~~~~~~~~~~~

   mtrStpd

MotorController.cpp:113:16: error: 'pulsePos' was not declared in this scope

   digitalWrite(pulsePos, LOW);

                ^~~~~~~~

C:\Users\carey\AppData\Local\Temp\arduino_build_550213\sketch\MotorController.cpp:113:16: note: suggested alternative: 'pulseIn'

   digitalWrite(pulsePos, LOW);

                ^~~~~~~~

                pulseIn

C:\Users\carey\AppData\Local\Temp\arduino_build_550213\sketch\MotorController.cpp: In member function 'void MotorController::startMotor()':

MotorController.cpp:132:3: error: 'motorStopped' was not declared in this scope

   motorStopped = false;

   ^~~~~~~~~~~~

C:\Users\carey\AppData\Local\Temp\arduino_build_550213\sketch\MotorController.cpp:132:3: note: suggested alternative: 'mtrStpd'

   motorStopped = false;

   ^~~~~~~~~~~~

   mtrStpd

C:\Users\carey\AppData\Local\Temp\arduino_build_550213\sketch\MotorController.cpp: In member function 'void MotorController::iterateState()':

MotorController.cpp:178:5: error: 'crntState' was not declared in this scope

     crntState = 0;

     ^~~~~~~~~

C:\Users\carey\AppData\Local\Temp\arduino_build_550213\sketch\MotorController.cpp:178:5: note: suggested alternative: 'setState'

     crntState = 0;

     ^~~~~~~~~

     setState

C:\Users\carey\AppData\Local\Temp\arduino_build_550213\sketch\MotorController.cpp: In member function 'void MotorController::toggleGate()':

MotorController.cpp:186:26: error: request for member 'gLiftPin' in '((MotorController*)this)->MotorController::drivePins', which is of pointer type 'OutPinArray*' (maybe you meant to use '->' ?)

   digitalWrite(drivePins.gLiftPin, !digitalRead(drivePins.gLiftPin));

                          ^~~~~~~~

MotorController.cpp:186:59: error: request for member 'gLiftPin' in '((MotorController*)this)->MotorController::drivePins', which is of pointer type 'OutPinArray*' (maybe you meant to use '->' ?)

   digitalWrite(drivePins.gLiftPin, !digitalRead(drivePins.gLiftPin));

                                                           ^~~~~~~~

MotorController.cpp:187:26: error: request for member 'gDropPin' in '((MotorController*)this)->MotorController::drivePins', which is of pointer type 'OutPinArray*' (maybe you meant to use '->' ?)

   digitalWrite(drivePins.gDropPin, !digitalRead(gateDrop));

                          ^~~~~~~~

MotorController.cpp:187:49: error: 'gateDrop' was not declared in this scope

   digitalWrite(drivePins.gDropPin, !digitalRead(gateDrop));

                                                 ^~~~~~~~

C:\Users\carey\AppData\Local\Temp\arduino_build_550213\sketch\MotorController.cpp: In member function 'void MotorController::getCurrent()':

MotorController.cpp:215:46: error: 'crntState' was not declared in this scope

   String message = "<{\"current\":" + String(crntState) + "}>";

                                              ^~~~~~~~~

C:\Users\carey\AppData\Local\Temp\arduino_build_550213\sketch\MotorController.cpp:215:46: note: suggested alternative: 'setState'

   String message = "<{\"current\":" + String(crntState) + "}>";

                                              ^~~~~~~~~

                                              setState

Using library ArduinoJson at version 6.12.0 in folder: C:\Users\carey\Documents\Arduino\libraries\ArduinoJson 

Using library SoftwareSerial at version 1.0 in folder: C:\Program Files\WindowsApps\ArduinoLLC.ArduinoIDE_1.8.42.0_x86__mdqgnx93n4wtt\hardware\arduino\avr\libraries\SoftwareSerial 

exit status 1

no matching function for call to 'MotorController::MotorController(OutPinArray*, BtnSet (*)[1], CmdProc*, rakePrg (*)[2])'

